<?xml version="1.0" encoding="UTF-8"?>
<!-- Generated by org.testng.reporters.JUnitXMLReporter -->
<testsuite ignored="0" hostname="Parishas-MacBook-Pro.local" failures="0" tests="7" name="Default test" time="31.719" errors="0" timestamp="11 Mar 2019 01:09:15 GMT">
  <testcase classname="paintTest.TestCases" name="test0" time="1.109"/>
  <testcase classname="paintTest.TestCases" name="test1" time="0.769"/>
  <testcase classname="paintTest.TestCases" name="test2" time="0.803"/>
  <testcase classname="paintTest.TestCases" name="test3" time="2.377"/>
  <testcase classname="paintTest.TestCases" name="test4" time="2.357"/>
  <testcase classname="paintTest.TestCases" name="test5" time="4.556"/>
  <testcase classname="paintTest.TestCases" name="test6" time="2.344"/>
</testsuite> <!-- Default test -->
